\BOOKMARK [1][-]{section.1}{\376\377\127\372\170\100\173\227\154\325}{}% 1
\BOOKMARK [2][-]{subsection.1.1}{\376\377\116\011\122\006}{section.1}% 2
\BOOKMARK [1][-]{section.2}{\376\377\126\376\213\272}{}% 3
\BOOKMARK [2][-]{subsection.2.1}{\376\377\126\376\166\204\217\336\220\032\140\047}{section.2}% 4
\BOOKMARK [3][-]{subsubsection.2.1.1}{\376\377\000T\000a\000r\000j\000a\000n\122\162\160\271}{subsection.2.1}% 5
\BOOKMARK [3][-]{subsubsection.2.1.2}{\376\377\000T\000a\000r\000j\000a\000n\122\162\217\271}{subsection.2.1}% 6
\BOOKMARK [3][-]{subsubsection.2.1.3}{\376\377\000T\000a\000r\000j\000a\000n\137\072\217\336\220\032\122\006\221\317}{subsection.2.1}% 7
\BOOKMARK [3][-]{subsubsection.2.1.4}{\376\377\000T\000a\000r\000j\000a\000n\160\271\123\314\217\336\220\032\122\006\221\317}{subsection.2.1}% 8
\BOOKMARK [3][-]{subsubsection.2.1.5}{\376\377\000T\000a\000r\000j\000a\000n\217\271\123\314\217\336\220\032\122\006\221\317}{subsection.2.1}% 9
\BOOKMARK [2][-]{subsection.2.2}{\376\377\142\323\142\121\143\222\136\217}{section.2}% 10
\BOOKMARK [2][-]{subsection.2.3}{\376\377\147\000\134\017\165\037\142\020\150\021\000k\000r\000u\000s\000k\000a\000l}{section.2}% 11
\BOOKMARK [2][-]{subsection.2.4}{\376\377\147\000\134\017\165\037\142\020\150\021\000p\000r\000i\000m}{section.2}% 12
\BOOKMARK [2][-]{subsection.2.5}{\376\377\150\021\166\204\221\315\137\303}{section.2}% 13
\BOOKMARK [1][-]{section.3}{\376\377\145\160\143\156\176\323\147\204}{}% 14
\BOOKMARK [2][-]{subsection.3.1}{\376\377\000S\000p\000l\000a\000y}{section.3}% 15
\BOOKMARK [2][-]{subsection.3.2}{\376\377\000S\000T\210\150}{section.3}% 16
\BOOKMARK [2][-]{subsection.3.3}{\376\377\116\073\136\055\150\021}{section.3}% 17
\BOOKMARK [2][-]{subsection.3.4}{\376\377\133\371\230\166\130\006}{section.3}% 18
\BOOKMARK [2][-]{subsection.3.5}{\376\377\136\166\147\345\226\306}{section.3}% 19
\BOOKMARK [2][-]{subsection.3.6}{\376\377\150\007\213\260\154\070\116\105\123\026\116\073\136\055\150\021}{section.3}% 20
\BOOKMARK [2][-]{subsection.3.7}{\376\377\150\021\162\266\145\160\176\304}{section.3}% 21
\BOOKMARK [2][-]{subsection.3.8}{\376\377\154\342\176\271\165\276\215\160\150\021}{section.3}% 22
\BOOKMARK [2][-]{subsection.3.9}{\376\377\176\277\153\265\150\021}{section.3}% 23
\BOOKMARK [2][-]{subsection.3.10}{\376\377\221\315\224\376\122\126\122\006}{section.3}% 24
\BOOKMARK [1][-]{section.4}{\376\377\145\160\133\146}{}% 25
\BOOKMARK [2][-]{subsection.4.1}{\376\377\145\160\213\272}{section.4}% 26
\BOOKMARK [3][-]{subsubsection.4.1.1}{\376\377\000M\000i\000l\000l\000e\000r\000R\000a\000b\000i\000n}{subsection.4.1}% 27
\BOOKMARK [3][-]{subsubsection.4.1.2}{\376\377\000P\000o\000l\000l\000a\000r\000d\000R\000h\000o}{subsection.4.1}% 28
\BOOKMARK [3][-]{subsubsection.4.1.3}{\376\377\123\072\225\364\173\133}{subsection.4.1}% 29
\BOOKMARK [3][-]{subsubsection.4.1.4}{\376\377\153\047\142\311\173\133}{subsection.4.1}% 30
\BOOKMARK [2][-]{subsection.4.2}{\376\377\176\304\124\010\145\160\133\146}{section.4}% 31
\BOOKMARK [3][-]{subsubsection.4.2.1}{\376\377\123\142\123\141\145\257\133\232\164\006}{subsection.4.2}% 32
\BOOKMARK [1][-]{section.5}{\376\377\133\127\173\046\116\062}{}% 33
\BOOKMARK [2][-]{subsection.5.1}{\376\377\000E\000X\000K\000M\000P}{section.5}% 34
\BOOKMARK [2][-]{subsection.5.2}{\376\377\000K\000M\000P}{section.5}% 35
\BOOKMARK [2][-]{subsection.5.3}{\376\377\133\127\173\046\116\062\124\310\136\014}{section.5}% 36
\BOOKMARK [2][-]{subsection.5.4}{\376\377\232\154\142\311\217\146}{section.5}% 37
\BOOKMARK [1][-]{section.6}{\376\377\213\241\173\227\121\340\117\125}{}% 38
\BOOKMARK [2][-]{subsection.6.1}{\376\377\121\370\123\005}{section.6}% 39
\BOOKMARK [1][-]{section.7}{\376\377\147\102\230\171}{}% 40
\BOOKMARK [2][-]{subsection.7.1}{\376\377\136\267\142\130\134\125\137\000}{section.7}% 41
\BOOKMARK [2][-]{subsection.7.2}{\376\377\220\006\136\267\142\130\134\125\137\000}{section.7}% 42
\BOOKMARK [2][-]{subsection.7.3}{\376\377\232\330\174\276\136\246}{section.7}% 43
